<?xml version="1.0" encoding="UTF-8" ?>
<testsuites disabled="0" errors="0" failures="0" tests="8" time="2.075">
 <testsuite name="Testing" timestamp="2022-11-18T02:07:36" hostname="localhost" time="2.075" errors="0" tests="9" skipped="0" disabled="0" failures="0">
  <testcase classname="Testing" name="register new user" time="0.922" />
  <testcase classname="Testing" name="login user" time="0.323" />
  <testcase classname="Testing" name="get headline" time="0.71" />
  <testcase classname="Testing" name="update headline" time="0.11" />
  <testcase classname="Testing" name="update headline" time="0.125" />
  <testcase classname="Testing" name="post articles" time="0.206" />
  <testcase classname="Testing" name="get articles" time="0.15" />
  <testcase classname="Testing" name="put articles" time="0.152" />
  <testcase classname="Testing" name="logout" time="0.015" />
 </testsuite>
</testsuites>